
Setting up this machine as follows: 
  Processor:    1 x IA32 at 1600 MHz (BUS clock = 125 MHz)
  Memory:       262144 Kbytes [0x00000000:0x10000000]
  User memory:  261820 Kbytes [0x00000000:0x0ffaf000]
  PCI aperture: 28356 Kbytes [0xfd000000:0xfebb1000]
  Node Id:      will get from the network!
  Space:          will get from the network!
  Setup:        21760 bytes
  APP code:     28736 bytes	data: 512 bytes
[2J[000;000HThe Philosopher's Dinner:
Philosophers are alive and hungry!
[007;044H/[013;044H\[016;035H|[013;027H/[007;027H\[019;000HThe dinner is served ...
[005;030Hthinking[0][005;030H  hungry[0][005;030H eating[0] [005;030H    sate[0][005;030Hthinking[0][005;030H  hungry[0][005;030H eating[0] [005;030H    sate[0][005;030Hthinking[0][005;030H  hungry[0][005;030H eating[0] [005;030H    sate[0][005;030Hthinking[0][005;030H  hungry[0][005;030H eating[0] [005;030H    sate[0][005;030Hthinking[0][005;030H  hungry[0][005;030H eating[0] [005;030H    sate[0][005;030Hthinking[0][005;030H  hungry[0][005;030H eating[0] [005;030H    sate[0][005;030Hthinking[0][005;030H  hungry[0][005;030H eating[0] [005;030H    sate[0][005;030Hthinking[0][005;030H  hungry[0][005;030H eating[0] [005;030H    sate[0][005;030Hthinking[0][005;030H  hungry[0][005;030H eating[0] [005;030H    sate[0][005;030Hthinking[0][005;030H  hungry[0][005;030H eating[0] [005;030H    sate[0][005;030H  done[0]  [020;000HPhilosopher 0 ate 10 times 
[016;039Hthinking[0][016;039H  hungry[0][016;039H eating[0] [016;039H    sate[0][016;039Hthinking[0][016;039H  hungry[0][016;039H eating[0] [016;039H    sate[0][016;039Hthinking[0][016;039H  hungry[0][016;039H eating[0] [016;039H    sate[0][016;039Hthinking[0][016;039H  hungry[0][016;039H eating[0] [016;039H    sate[0][016;039Hthinking[0][016;039H  hungry[0][016;039H eating[0] [016;039H    sate[0][016;039Hthinking[0][016;039H  hungry[0][016;039H eating[0] [016;039H    sate[0][016;039Hthinking[0][016;039H  hungry[0][016;039H eating[0] [016;039H    sate[0][016;039Hthinking[0][016;039H  hungry[0][016;039H eating[0] [016;039H    sate[0][016;039Hthinking[0][016;039H  hungry[0][016;039H eating[0] [016;039H    sate[0][016;039Hthinking[0][016;039H  hungry[0][016;039H eating[0] [016;039H    sate[0][016;039H  done[0]  [010;017Hthinking[0][010;017H  hungry[0][010;017H eating[0] [010;017H    sate[0][010;017Hthinking[0][010;017H  hungry[0][010;017H eating[0] [010;017H    sate[0][010;017Hthinking[0][010;017H  hungry[0][010;017H eating[0] [010;017H    sate[0][010;017Hthinking[0][010;017H  hungry[0][010;017H eating[0] [010;017H    sate[0][010;017Hthinking[0][010;017H  hungry[0][010;017H eating[0] [010;017H    sate[0][010;017Hthinking[0][010;017H  hungry[0][010;017H eating[0] [010;017H    sate[0][010;017Hthinking[0][010;017H  hungry[0][010;017H eating[0] [010;017H    sate[0][010;017Hthinking[0][010;017H  hungry[0][010;017H eating[0] [010;017H    sate[0][010;017Hthinking[0][010;017H  hungry[0][010;017H eating[0] [010;017H    sate[0][010;017Hthinking[0][010;017H  hungry[0][010;017H eating[0] [010;017H    sate[0][010;017H  done[0]  [016;021Hthinking[0][016;021H  hungry[0][016;021H eating[0] [016;021H    sate[0][016;021Hthinking[0][016;021H  hungry[0][016;021H eating[0] [016;021H    sate[0][016;021Hthinking[0][016;021H  hungry[0][016;021H eating[0] [016;021H    sate[0][016;021Hthinking[0][016;021H  hungry[0][016;021H eating[0] [016;021H    sate[0][016;021Hthinking[0][016;021H  hungry[0][016;021H eating[0] [016;021H    sate[0][016;021Hthinking[0][016;021H  hungry[0][016;021H eating[0] [016;021H    sate[0][016;021Hthinking[0][016;021H  hungry[0][016;021H eating[0] [016;021H    sate[0][016;021Hthinking[0][016;021H  hungry[0][016;021H eating[0] [016;021H    sate[0][016;021Hthinking[0][016;021H  hungry[0][016;021H eating[0] [016;021H    sate[0][016;021Hthinking[0][016;021H  hungry[0][016;021H eating[0] [016;021H    sate[0][016;021H  done[0]  [010;044Hthinking[0][010;044H  hungry[0][010;044H eating[0] [010;044H    sate[0][010;044Hthinking[0][010;044H  hungry[0][010;044H eating[0] [010;044H    sate[0][010;044Hthinking[0][010;044H  hungry[0][010;044H eating[0] [010;044H    sate[0][010;044Hthinking[0][010;044H  hungry[0][010;044H eating[0] [010;044H    sate[0][010;044Hthinking[0][010;044H  hungry[0][010;044H eating[0] [010;044H    sate[0][010;044Hthinking[0][010;044H  hungry[0][010;044H eating[0] [010;044H    sate[0][010;044Hthinking[0][010;044H  hungry[0][010;044H eating[0] [010;044H    sate[0][010;044Hthinking[0][010;044H  hungry[0][010;044H eating[0] [010;044H    sate[0][010;044Hthinking[0][010;044H  hungry[0][010;044H eating[0] [010;044H    sate[0][010;044Hthinking[0][010;044H  hungry[0][010;044H eating[0] [010;044H    sate[0][010;044H  done[0]  [021;000HPhilosopher 1 ate 10 times 
[022;000HPhilosopher 2 ate 10 times 
[023;000HPhilosopher 3 ate 10 times 
[024;000HPhilosopher 4 ate 10 times 
The end!
The last thread has exited!
Rebooting the machine ...
