
Setting up this machine as follows: 
  Processor:    1 x IA32 at 1600 MHz (BUS clock = 125 MHz)
  Memory:       262144 Kbytes [0x00000000:0x10000000]
  User memory:  261820 Kbytes [0x00000000:0x0ffaf000]
  PCI aperture: 28356 Kbytes [0xfd000000:0xfebb1000]
  Node Id:      will get from the network!
  Space:          will get from the network!
  Setup:        21760 bytes
  APP code:     24640 bytes	data: 512 bytes
Producer x Consumer
P->a	C<-a	P->b	C<-b	P->c	C<-c	P->d	C
<-d	P->e	C<-e	P->f	C<-f	P->g	C<-g	P
->h	C<-h	P->i	C<-i	P->j	C<-j	P->k	C
<-k	P->l	C<-l	P->m	C<-m	P->n	C<-n	P
->o	C<-o	P->p	C<-p	P->a	C<-a	P->b	C
<-b	P->c	C<-c	P->d	C<-d	P->e	C<-e	P
->f	C<-f	P->g	C<-g	P->h	C<-h	P->i	C
<-i	P->j	C<-j	P->k	C<-k	P->l	C<-l	P
->m	C<-m	P->n	C<-n	P->o	C<-o	P->p	C
<-p	P->a	C<-a	P->b	C<-b	P->c	C<-c	P
->d	C<-d	P->e	C<-e	P->f	C<-f	P->g	C
<-g	P->h	C<-h	P->i	C<-i	P->j	C<-j	P
->k	C<-k	P->l	C<-l	P->m	C<-m	P->n	C
<-n	P->o	C<-o	P->p	C<-p	P->a	C<-a	P
->b	C<-b	P->c	C<-c	P->d	C<-d	P->e	C
<-e	P->f	C<-f	P->g	C<-g	P->h	C<-h	P
->i	C<-i	P->j	C<-j	P->k	C<-k	P->l	C
<-l	P->m	C<-m	P->n	C<-n	P->o	C<-o	P
->p	C<-p	P->a	C<-a	P->b	C<-b	P->c	C
<-c	P->d	C<-d	P->e	C<-e	P->f	C<-f	P
->g	C<-g	P->h	C<-h	P->i	C<-i	P->j	C
<-j	P->k	C<-k	P->l	C<-l	P->m	C<-m	P
->n	C<-n	P->o	C<-o	P->p	C<-p	P->a	C
<-a	P->b	C<-b	P->c	C<-c	P->d	C<-d	P
->e	C<-e	P->f	C<-f	P->g	C<-g	P->h	C
<-h	P->i	C<-i	P->j	C<-j	P->k	C<-k	P
->l	C<-l	P->m	C<-m	P->n	C<-n	P->o	C
<-o	P->p	C<-p	P->a	C<-a	